<?xml version="1.0" encoding="UTF-8"?>
<testsuite xmlns:xsi="http://www.w3.org/2001/XMLSchema-instance" xsi:noNamespaceSchemaLocation="https://maven.apache.org/surefire/maven-surefire-plugin/xsd/surefire-test-report-3.0.xsd" version="3.0" name="org.acme.HelloResourceTest" time="5.133" tests="2" errors="0" skipped="0" failures="0">
  <properties>
[...]
</properties>
  <testcase name="testHelloNameEndpoint" classname="org.acme.HelloResourceTest" time="1.386">
    <system-out><![CDATA[2022-01-23 19:01:48,184 INFO  [io.qua.arc.pro.BeanProcessor] (build-1) Found unrecommended usage of private members (use package-private instead) in application beans:
	- @Inject field br.plisbarbosa.quarkus.hello.world.resources.HelloResource#helloSv
2022-01-23 19:01:48,861 INFO  [io.quarkus] (main) Quarkus 2.6.3.Final on JVM started in 3.104s. Listening on: http://localhost:8081
2022-01-23 19:01:48,861 INFO  [io.quarkus] (main) Profile test activated. 
2022-01-23 19:01:48,861 INFO  [io.quarkus] (main) Installed features: [cdi, resteasy, smallrye-context-propagation, vertx]
]]></system-out>
  </testcase>
  <testcase name="testHelloEndpoint" classname="org.acme.HelloResourceTest" time="0.015"/>
</testsuite>